<?xml version="1.0" encoding="UTF-8"?>
<!-- Generated by org.testng.reporters.JUnitXMLReporter -->
<testsuite ignored="0" hostname="Gayatri-PC" failures="0" tests="6" name="Default test" time="40.275" errors="0" timestamp="2024-12-13T22:41:04 IST">
  <testcase classname="com.DemoBlazeProject.DemoBlazeTestCase" name="validateSignUp" time="2.258"/>
  <testcase classname="com.DemoBlazeProject.DemoBlazeTestCase" name="LogIn" time="3.902"/>
  <testcase classname="com.DemoBlazeProject.DemoBlazeTestCase" name="searchPhones" time="7.794"/>
  <testcase classname="com.DemoBlazeProject.DemoBlazeTestCase" name="searchLaptops" time="6.625"/>
  <testcase classname="com.DemoBlazeProject.DemoBlazeTestCase" name="searchMonitors" time="4.174"/>
  <testcase classname="com.DemoBlazeProject.DemoBlazeTestCase" name="doCheckout" time="5.426"/>
</testsuite> <!-- Default test -->
