<?xml version="1.0" encoding="UTF-8"?>
<testng-results ignored="0" total="6" passed="6" failed="0" skipped="0">
  <reporter-output>
  </reporter-output>
  <suite started-at="2024-12-13T22:40:24 IST" name="Default suite" finished-at="2024-12-13T22:41:04 IST" duration-ms="40275">
    <groups>
    </groups>
    <test started-at="2024-12-13T22:40:24 IST" name="Default test" finished-at="2024-12-13T22:41:04 IST" duration-ms="40275">
      <class name="com.DemoBlazeProject.DemoBlazeTestCase">
        <test-method is-config="true" signature="LaunchBrowser()[pri:0, instance:com.DemoBlazeProject.DemoBlazeTestCase@6913c1fb]" started-at="2024-12-13T22:40:24 IST" name="LaunchBrowser" finished-at="2024-12-13T22:40:32 IST" duration-ms="8573" status="PASS">
          <reporter-output>
          </reporter-output>
        </test-method> <!-- LaunchBrowser -->
        <test-method signature="validateSignUp()[pri:1, instance:com.DemoBlazeProject.DemoBlazeTestCase@6913c1fb]" started-at="2024-12-13T22:40:32 IST" name="validateSignUp" finished-at="2024-12-13T22:40:34 IST" duration-ms="2258" status="PASS">
          <reporter-output>
          </reporter-output>
        </test-method> <!-- validateSignUp -->
        <test-method signature="LogIn()[pri:2, instance:com.DemoBlazeProject.DemoBlazeTestCase@6913c1fb]" started-at="2024-12-13T22:40:34 IST" name="LogIn" finished-at="2024-12-13T22:40:38 IST" duration-ms="3902" status="PASS">
          <reporter-output>
          </reporter-output>
        </test-method> <!-- LogIn -->
        <test-method signature="searchPhones()[pri:3, instance:com.DemoBlazeProject.DemoBlazeTestCase@6913c1fb]" started-at="2024-12-13T22:40:38 IST" name="searchPhones" finished-at="2024-12-13T22:40:46 IST" duration-ms="7794" status="PASS">
          <reporter-output>
          </reporter-output>
        </test-method> <!-- searchPhones -->
        <test-method signature="searchLaptops()[pri:4, instance:com.DemoBlazeProject.DemoBlazeTestCase@6913c1fb]" started-at="2024-12-13T22:40:46 IST" name="searchLaptops" finished-at="2024-12-13T22:40:53 IST" duration-ms="6625" status="PASS">
          <reporter-output>
          </reporter-output>
        </test-method> <!-- searchLaptops -->
        <test-method signature="searchMonitors()[pri:5, instance:com.DemoBlazeProject.DemoBlazeTestCase@6913c1fb]" started-at="2024-12-13T22:40:53 IST" name="searchMonitors" finished-at="2024-12-13T22:40:57 IST" duration-ms="4174" status="PASS">
          <reporter-output>
          </reporter-output>
        </test-method> <!-- searchMonitors -->
        <test-method signature="doCheckout()[pri:6, instance:com.DemoBlazeProject.DemoBlazeTestCase@6913c1fb]" started-at="2024-12-13T22:40:57 IST" name="doCheckout" finished-at="2024-12-13T22:41:02 IST" duration-ms="5426" status="PASS">
          <reporter-output>
          </reporter-output>
        </test-method> <!-- doCheckout -->
        <test-method is-config="true" signature="tearDown()[pri:0, instance:com.DemoBlazeProject.DemoBlazeTestCase@6913c1fb]" started-at="2024-12-13T22:41:02 IST" name="tearDown" finished-at="2024-12-13T22:41:04 IST" duration-ms="1405" status="PASS">
          <reporter-output>
          </reporter-output>
        </test-method> <!-- tearDown -->
      </class> <!-- com.DemoBlazeProject.DemoBlazeTestCase -->
    </test> <!-- Default test -->
  </suite> <!-- Default suite -->
</testng-results>
